<?xml version="1.0" encoding="UTF-8"?>
<!-- Generated by org.testng.reporters.JUnitReportReporter -->
<testsuite hostname="DESKTOP-MKAVVM2" failures="0" tests="2" name="com.crm.qa.testcases.Contactspagetest" time="18.445" errors="0" timestamp="09 Feb 2019 05:36:18 GMT" skipped="1">
  <testcase classname="com.crm.qa.testcases.Contactspagetest" name="verifycontactslabletest" time="18.445"/>
  <testcase classname="com.crm.qa.testcases.Contactspagetest" name="selectcontactbynametest">
    <skipped/>
  </testcase> <!-- selectcontactbynametest -->
</testsuite> <!-- com.crm.qa.testcases.Contactspagetest -->
