<?xml version="1.0" encoding="UTF-8"?>
<!-- Generated by org.testng.reporters.JUnitReportReporter -->
<testsuite hostname="DESKTOP-MKAVVM2" failures="0" tests="3" name="com.crm.qa.testcases.Loginpagetest" time="39.405" errors="0" timestamp="09 Feb 2019 05:36:18 GMT" skipped="0">
  <testcase classname="com.crm.qa.testcases.Loginpagetest" name="logintest" time="19.070"/>
  <testcase classname="com.crm.qa.testcases.Loginpagetest" name="validateloginpagetitletest" time="7.977"/>
  <testcase classname="com.crm.qa.testcases.Loginpagetest" name="checkalllinks" time="12.358"/>
</testsuite> <!-- com.crm.qa.testcases.Loginpagetest -->
