<?xml version="1.0" encoding="UTF-8"?>
<!-- Generated by org.testng.reporters.JUnitReportReporter -->
<testsuite hostname="DESKTOP-MKAVVM2" failures="0" tests="4" name="com.crm.qa.testcases.Homepagetest" time="62.311" errors="0" timestamp="11 Feb 2019 19:30:54 GMT" skipped="0">
  <testcase classname="com.crm.qa.testcases.Homepagetest" name="clickOnAddNewContact" time="16.198"/>
  <testcase classname="com.crm.qa.testcases.Homepagetest" name="verifyusernametest" time="15.550"/>
  <testcase classname="com.crm.qa.testcases.Homepagetest" name="verifycontactslinkTest" time="14.801"/>
  <testcase classname="com.crm.qa.testcases.Homepagetest" name="verifyhomepagetitletest" time="15.762"/>
</testsuite> <!-- com.crm.qa.testcases.Homepagetest -->
