<?xml version="1.0" encoding="UTF-8"?>
<!-- Generated by org.testng.reporters.JUnitReportReporter -->
<testsuite hostname="DESKTOP-MKAVVM2" failures="0" tests="3" name="com.crm.qa.testcases.Loginpagetest" time="37.864" errors="0" timestamp="11 Feb 2019 19:30:54 GMT" skipped="0">
  <testcase classname="com.crm.qa.testcases.Loginpagetest" name="logintest" time="18.567"/>
  <testcase classname="com.crm.qa.testcases.Loginpagetest" name="validateloginpagetitletest" time="7.950"/>
  <testcase classname="com.crm.qa.testcases.Loginpagetest" name="checkalllinks" time="11.347"/>
</testsuite> <!-- com.crm.qa.testcases.Loginpagetest -->
