<?xml version="1.0" encoding="UTF-8"?>
<!-- Generated by org.testng.reporters.JUnitReportReporter -->
<testsuite hostname="DESKTOP-MKAVVM2" failures="0" tests="4" name="com.crm.qa.testcases.Homepagetest" time="18.725" errors="0" timestamp="09 Feb 2019 06:35:10 GMT" skipped="3">
  <testcase classname="com.crm.qa.testcases.Homepagetest" name="clickOnAddNewContact" time="18.725"/>
  <testcase classname="com.crm.qa.testcases.Homepagetest" name="verifyhomepagetitletest">
    <skipped/>
  </testcase> <!-- verifyhomepagetitletest -->
  <testcase classname="com.crm.qa.testcases.Homepagetest" name="verifyusernametest">
    <skipped/>
  </testcase> <!-- verifyusernametest -->
  <testcase classname="com.crm.qa.testcases.Homepagetest" name="verifycontactslinkTest">
    <skipped/>
  </testcase> <!-- verifycontactslinkTest -->
</testsuite> <!-- com.crm.qa.testcases.Homepagetest -->
